<?xml version="1.0" encoding="UTF-8"?>
<testsuite xmlns:xsi="http://www.w3.org/2001/XMLSchema-instance" xsi:noNamespaceSchemaLocation="https://maven.apache.org/surefire/maven-surefire-plugin/xsd/surefire-test-report.xsd" name="com.hbc.loveserviceimpl.LoveServiceImplApplicationTests" time="0.493" tests="1" errors="1" skipped="0" failures="0">
  <properties>
[...]
</properties>
  <testcase name="initializationError" classname="com.hbc.loveserviceimpl.LoveServiceImplApplicationTests" time="0.001">
    <error message="Unable to find a @SpringBootConfiguration, you need to use @ContextConfiguration or @SpringBootTest(classes=...) with your test" type="java.lang.IllegalStateException">java.lang.IllegalStateException: Unable to find a @SpringBootConfiguration, you need to use @ContextConfiguration or @SpringBootTest(classes=...) with your test
</error>
    <system-out><![CDATA[12:09:10.606 [main] DEBUG org.springframework.test.context.junit4.SpringJUnit4ClassRunner - SpringJUnit4ClassRunner constructor called with [class com.hbc.loveserviceimpl.LoveServiceImplApplicationTests]
12:09:10.613 [main] DEBUG org.springframework.test.context.BootstrapUtils - Instantiating CacheAwareContextLoaderDelegate from class [org.springframework.test.context.cache.DefaultCacheAwareContextLoaderDelegate]
12:09:10.621 [main] DEBUG org.springframework.test.context.BootstrapUtils - Instantiating BootstrapContext using constructor [public org.springframework.test.context.support.DefaultBootstrapContext(java.lang.Class,org.springframework.test.context.CacheAwareContextLoaderDelegate)]
12:09:10.642 [main] DEBUG org.springframework.test.context.BootstrapUtils - Instantiating TestContextBootstrapper for test class [com.hbc.loveserviceimpl.LoveServiceImplApplicationTests] from class [org.springframework.boot.test.context.SpringBootTestContextBootstrapper]
12:09:10.656 [main] INFO org.springframework.boot.test.context.SpringBootTestContextBootstrapper - Neither @ContextConfiguration nor @ContextHierarchy found for test class [com.hbc.loveserviceimpl.LoveServiceImplApplicationTests], using SpringBootContextLoader
12:09:10.660 [main] DEBUG org.springframework.test.context.support.AbstractContextLoader - Did not detect default resource location for test class [com.hbc.loveserviceimpl.LoveServiceImplApplicationTests]: class path resource [com/hbc/loveserviceimpl/LoveServiceImplApplicationTests-context.xml] does not exist
12:09:10.660 [main] DEBUG org.springframework.test.context.support.AbstractContextLoader - Did not detect default resource location for test class [com.hbc.loveserviceimpl.LoveServiceImplApplicationTests]: class path resource [com/hbc/loveserviceimpl/LoveServiceImplApplicationTestsContext.groovy] does not exist
12:09:10.660 [main] INFO org.springframework.test.context.support.AbstractContextLoader - Could not detect default resource locations for test class [com.hbc.loveserviceimpl.LoveServiceImplApplicationTests]: no resource found for suffixes {-context.xml, Context.groovy}.
12:09:10.661 [main] INFO org.springframework.test.context.support.AnnotationConfigContextLoaderUtils - Could not detect default configuration classes for test class [com.hbc.loveserviceimpl.LoveServiceImplApplicationTests]: LoveServiceImplApplicationTests does not declare any static, non-private, non-final, nested classes annotated with @Configuration.
12:09:10.708 [main] DEBUG org.springframework.test.context.support.ActiveProfilesUtils - Could not find an 'annotation declaring class' for annotation type [org.springframework.test.context.ActiveProfiles] and class [com.hbc.loveserviceimpl.LoveServiceImplApplicationTests]
12:09:10.717 [main] DEBUG org.springframework.core.env.StandardEnvironment - Adding PropertySource 'systemProperties' with lowest search precedence
12:09:10.717 [main] DEBUG org.springframework.core.env.StandardEnvironment - Adding PropertySource 'systemEnvironment' with lowest search precedence
12:09:10.718 [main] DEBUG org.springframework.core.env.StandardEnvironment - Initialized StandardEnvironment with PropertySources [MapPropertySource@1368594774 {name='systemProperties', properties={java.runtime.name=Java(TM) SE Runtime Environment, sun.boot.library.path=/Library/Java/JavaVirtualMachines/jdk1.8.0_131.jdk/Contents/Home/jre/lib, java.vm.version=25.131-b11, gopherProxySet=false, java.vm.vendor=Oracle Corporation, java.vendor.url=http://java.oracle.com/, path.separator=:, java.vm.name=Java HotSpot(TM) 64-Bit Server VM, file.encoding.pkg=sun.io, user.country=CN, sun.java.launcher=SUN_STANDARD, sun.os.patch.level=unknown, java.vm.specification.name=Java Virtual Machine Specification, user.dir=/Users/cuijunyong/myWorkSpace/project/love-service/love-service-impl, java.runtime.version=1.8.0_131-b11, basedir=/Users/cuijunyong/myWorkSpace/project/love-service/love-service-impl, java.awt.graphicsenv=sun.awt.CGraphicsEnvironment, java.endorsed.dirs=/Library/Java/JavaVirtualMachines/jdk1.8.0_131.jdk/Contents/Home/jre/lib/endorsed, os.arch=x86_64, surefire.real.class.path=/Users/cuijunyong/myWorkSpace/project/love-service/love-service-impl/target/surefire/surefirebooter1900238084454685527.jar, java.io.tmpdir=/var/folders/0s/065v7vgn5570twjl99f3fs3c0000gn/T/, line.separator=
, java.vm.specification.vendor=Oracle Corporation, os.name=Mac OS X, sun.jnu.encoding=UTF-8, java.library.path=/Users/cuijunyong/Library/Java/Extensions:/Library/Java/Extensions:/Network/Library/Java/Extensions:/System/Library/Java/Extensions:/usr/lib/java:., surefire.test.class.path=/Users/cuijunyong/myWorkSpace/project/love-service/love-service-impl/target/test-classes:/Users/cuijunyong/myWorkSpace/project/love-service/love-service-impl/target/classes:/Users/cuijunyong/myWorkSpace/project/love-service/love-client/target/love-client-0.0.1-SNAPSHOT.jar:/Users/cuijunyong/.m2/repository/com/baomidou/dynamic-datasource-spring-boot-starter/2.2.3/dynamic-datasource-spring-boot-starter-2.2.3.jar:/Users/cuijunyong/.m2/repository/org/springframework/boot/spring-boot-starter-jdbc/2.0.1.RELEASE/spring-boot-starter-jdbc-2.0.1.RELEASE.jar:/Users/cuijunyong/.m2/repository/com/zaxxer/HikariCP/2.7.8/HikariCP-2.7.8.jar:/Users/cuijunyong/.m2/repository/org/springframework/spring-jdbc/5.0.5.RELEASE/spring-jdbc-5.0.5.RELEASE.jar:/Users/cuijunyong/.m2/repository/org/springframework/spring-tx/5.0.5.RELEASE/spring-tx-5.0.5.RELEASE.jar:/Users/cuijunyong/.m2/repository/org/springframework/boot/spring-boot-starter-aop/2.0.1.RELEASE/spring-boot-starter-aop-2.0.1.RELEASE.jar:/Users/cuijunyong/.m2/repository/org/springframework/spring-aop/5.0.5.RELEASE/spring-aop-5.0.5.RELEASE.jar:/Users/cuijunyong/.m2/repository/org/aspectj/aspectjweaver/1.8.13/aspectjweaver-1.8.13.jar:/Users/cuijunyong/.m2/repository/org/mybatis/generator/mybatis-generator-core/1.3.2/mybatis-generator-core-1.3.2.jar:/Users/cuijunyong/.m2/repository/org/mybatis/mybatis-spring/1.3.2/mybatis-spring-1.3.2.jar:/Users/cuijunyong/.m2/repository/mysql/mysql-connector-java/5.1.35/mysql-connector-java-5.1.35.jar:/Users/cuijunyong/.m2/repository/org/mybatis/mybatis/3.4.5/mybatis-3.4.5.jar:/Users/cuijunyong/.m2/repository/org/springframework/boot/spring-boot-starter/2.0.1.RELEASE/spring-boot-starter-2.0.1.RELEASE.jar:/Users/cuijunyong/.m2/repository/org/springframework/boot/spring-boot/2.0.1.RELEASE/spring-boot-2.0.1.RELEASE.jar:/Users/cuijunyong/.m2/repository/org/springframework/spring-context/5.0.5.RELEASE/spring-context-5.0.5.RELEASE.jar:/Users/cuijunyong/.m2/repository/org/springframework/spring-expression/5.0.5.RELEASE/spring-expression-5.0.5.RELEASE.jar:/Users/cuijunyong/.m2/repository/org/springframework/boot/spring-boot-autoconfigure/2.0.1.RELEASE/spring-boot-autoconfigure-2.0.1.RELEASE.jar:/Users/cuijunyong/.m2/repository/javax/annotation/javax.annotation-api/1.3.2/javax.annotation-api-1.3.2.jar:/Users/cuijunyong/.m2/repository/org/yaml/snakeyaml/1.19/snakeyaml-1.19.jar:/Users/cuijunyong/.m2/repository/org/springframework/boot/spring-boot-starter-test/2.0.1.RELEASE/spring-boot-starter-test-2.0.1.RELEASE.jar:/Users/cuijunyong/.m2/repository/org/springframework/boot/spring-boot-test/2.0.1.RELEASE/spring-boot-test-2.0.1.RELEASE.jar:/Users/cuijunyong/.m2/repository/org/springframework/boot/spring-boot-test-autoconfigure/2.0.1.RELEASE/spring-boot-test-autoconfigure-2.0.1.RELEASE.jar:/Users/cuijunyong/.m2/repository/com/jayway/jsonpath/json-path/2.4.0/json-path-2.4.0.jar:/Users/cuijunyong/.m2/repository/net/minidev/json-smart/2.3/json-smart-2.3.jar:/Users/cuijunyong/.m2/repository/net/minidev/accessors-smart/1.2/accessors-smart-1.2.jar:/Users/cuijunyong/.m2/repository/org/ow2/asm/asm/5.0.4/asm-5.0.4.jar:/Users/cuijunyong/.m2/repository/org/slf4j/slf4j-api/1.7.25/slf4j-api-1.7.25.jar:/Users/cuijunyong/.m2/repository/junit/junit/4.12/junit-4.12.jar:/Users/cuijunyong/.m2/repository/org/assertj/assertj-core/3.9.1/assertj-core-3.9.1.jar:/Users/cuijunyong/.m2/repository/org/mockito/mockito-core/2.15.0/mockito-core-2.15.0.jar:/Users/cuijunyong/.m2/repository/net/bytebuddy/byte-buddy/1.7.11/byte-buddy-1.7.11.jar:/Users/cuijunyong/.m2/repository/net/bytebuddy/byte-buddy-agent/1.7.11/byte-buddy-agent-1.7.11.jar:/Users/cuijunyong/.m2/repository/org/objenesis/objenesis/2.6/objenesis-2.6.jar:/Users/cuijunyong/.m2/repository/org/hamcrest/hamcrest-core/1.3/hamcrest-core-1.3.jar:/Users/cuijunyong/.m2/repository/org/hamcrest/hamcrest-library/1.3/hamcrest-library-1.3.jar:/Users/cuijunyong/.m2/repository/org/skyscreamer/jsonassert/1.5.0/jsonassert-1.5.0.jar:/Users/cuijunyong/.m2/repository/com/vaadin/external/google/android-json/0.0.20131108.vaadin1/android-json-0.0.20131108.vaadin1.jar:/Users/cuijunyong/.m2/repository/org/springframework/spring-test/5.0.5.RELEASE/spring-test-5.0.5.RELEASE.jar:/Users/cuijunyong/.m2/repository/org/xmlunit/xmlunit-core/2.5.1/xmlunit-core-2.5.1.jar:/Users/cuijunyong/.m2/repository/org/springframework/cloud/spring-cloud-starter-openfeign/2.0.0.RELEASE/spring-cloud-starter-openfeign-2.0.0.RELEASE.jar:/Users/cuijunyong/.m2/repository/org/springframework/cloud/spring-cloud-starter/2.0.0.RELEASE/spring-cloud-starter-2.0.0.RELEASE.jar:/Users/cuijunyong/.m2/repository/org/springframework/cloud/spring-cloud-context/2.0.0.RELEASE/spring-cloud-context-2.0.0.RELEASE.jar:/Users/cuijunyong/.m2/repository/org/springframework/security/spring-security-rsa/1.0.5.RELEASE/spring-security-rsa-1.0.5.RELEASE.jar:/Users/cuijunyong/.m2/repository/org/bouncycastle/bcpkix-jdk15on/1.56/bcpkix-jdk15on-1.56.jar:/Users/cuijunyong/.m2/repository/org/bouncycastle/bcprov-jdk15on/1.56/bcprov-jdk15on-1.56.jar:/Users/cuijunyong/.m2/repository/org/springframework/cloud/spring-cloud-openfeign-core/2.0.0.RELEASE/spring-cloud-openfeign-core-2.0.0.RELEASE.jar:/Users/cuijunyong/.m2/repository/org/springframework/cloud/spring-cloud-netflix-ribbon/2.0.0.RELEASE/spring-cloud-netflix-ribbon-2.0.0.RELEASE.jar:/Users/cuijunyong/.m2/repository/org/springframework/spring-web/5.0.5.RELEASE/spring-web-5.0.5.RELEASE.jar:/Users/cuijunyong/.m2/repository/org/springframework/spring-beans/5.0.5.RELEASE/spring-beans-5.0.5.RELEASE.jar:/Users/cuijunyong/.m2/repository/org/springframework/cloud/spring-cloud-commons/2.0.0.RELEASE/spring-cloud-commons-2.0.0.RELEASE.jar:/Users/cuijunyong/.m2/repository/org/springframework/security/spring-security-crypto/5.0.4.RELEASE/spring-security-crypto-5.0.4.RELEASE.jar:/Users/cuijunyong/.m2/repository/io/github/openfeign/feign-core/9.5.1/feign-core-9.5.1.jar:/Users/cuijunyong/.m2/repository/io/github/openfeign/feign-slf4j/9.5.1/feign-slf4j-9.5.1.jar:/Users/cuijunyong/.m2/repository/io/github/openfeign/feign-hystrix/9.5.1/feign-hystrix-9.5.1.jar:/Users/cuijunyong/.m2/repository/com/netflix/archaius/archaius-core/0.7.6/archaius-core-0.7.6.jar:/Users/cuijunyong/.m2/repository/com/google/code/findbugs/jsr305/3.0.1/jsr305-3.0.1.jar:/Users/cuijunyong/.m2/repository/com/google/guava/guava/16.0/guava-16.0.jar:/Users/cuijunyong/.m2/repository/com/fasterxml/jackson/core/jackson-annotations/2.9.0/jackson-annotations-2.9.0.jar:/Users/cuijunyong/.m2/repository/com/fasterxml/jackson/core/jackson-core/2.9.5/jackson-core-2.9.5.jar:/Users/cuijunyong/.m2/repository/com/netflix/hystrix/hystrix-core/1.5.12/hystrix-core-1.5.12.jar:/Users/cuijunyong/.m2/repository/io/github/openfeign/feign-java8/9.5.1/feign-java8-9.5.1.jar:/Users/cuijunyong/.m2/repository/org/springframework/cloud/spring-cloud-starter-netflix-ribbon/2.0.0.RELEASE/spring-cloud-starter-netflix-ribbon-2.0.0.RELEASE.jar:/Users/cuijunyong/.m2/repository/com/netflix/ribbon/ribbon/2.2.5/ribbon-2.2.5.jar:/Users/cuijunyong/.m2/repository/com/netflix/ribbon/ribbon-transport/2.2.5/ribbon-transport-2.2.5.jar:/Users/cuijunyong/.m2/repository/io/reactivex/rxnetty-contexts/0.4.9/rxnetty-contexts-0.4.9.jar:/Users/cuijunyong/.m2/repository/io/reactivex/rxnetty-servo/0.4.9/rxnetty-servo-0.4.9.jar:/Users/cuijunyong/.m2/repository/io/reactivex/rxnetty/0.4.9/rxnetty-0.4.9.jar:/Users/cuijunyong/.m2/repository/io/netty/netty-codec-http/4.1.23.Final/netty-codec-http-4.1.23.Final.jar:/Users/cuijunyong/.m2/repository/io/netty/netty-codec/4.1.23.Final/netty-codec-4.1.23.Final.jar:/Users/cuijunyong/.m2/repository/io/netty/netty-transport-native-epoll/4.1.23.Final/netty-transport-native-epoll-4.1.23.Final.jar:/Users/cuijunyong/.m2/repository/io/netty/netty-common/4.1.23.Final/netty-common-4.1.23.Final.jar:/Users/cuijunyong/.m2/repository/io/netty/netty-buffer/4.1.23.Final/netty-buffer-4.1.23.Final.jar:/Users/cuijunyong/.m2/repository/io/netty/netty-transport-native-unix-common/4.1.23.Final/netty-transport-native-unix-common-4.1.23.Final.jar:/Users/cuijunyong/.m2/repository/io/netty/netty-transport/4.1.23.Final/netty-transport-4.1.23.Final.jar:/Users/cuijunyong/.m2/repository/io/netty/netty-resolver/4.1.23.Final/netty-resolver-4.1.23.Final.jar:/Users/cuijunyong/.m2/repository/com/netflix/ribbon/ribbon-core/2.2.5/ribbon-core-2.2.5.jar:/Users/cuijunyong/.m2/repository/commons-lang/commons-lang/2.6/commons-lang-2.6.jar:/Users/cuijunyong/.m2/repository/com/netflix/ribbon/ribbon-httpclient/2.2.5/ribbon-httpclient-2.2.5.jar:/Users/cuijunyong/.m2/repository/commons-collections/commons-collections/3.2.2/commons-collections-3.2.2.jar:/Users/cuijunyong/.m2/repository/org/apache/httpcomponents/httpclient/4.5.5/httpclient-4.5.5.jar:/Users/cuijunyong/.m2/repository/org/apache/httpcomponents/httpcore/4.4.9/httpcore-4.4.9.jar:/Users/cuijunyong/.m2/repository/commons-codec/commons-codec/1.11/commons-codec-1.11.jar:/Users/cuijunyong/.m2/repository/com/sun/jersey/jersey-client/1.19.1/jersey-client-1.19.1.jar:/Users/cuijunyong/.m2/repository/com/sun/jersey/contribs/jersey-apache-client4/1.19.1/jersey-apache-client4-1.19.1.jar:/Users/cuijunyong/.m2/repository/com/netflix/servo/servo-core/0.12.21/servo-core-0.12.21.jar:/Users/cuijunyong/.m2/repository/com/netflix/netflix-commons/netflix-commons-util/0.3.0/netflix-commons-util-0.3.0.jar:/Users/cuijunyong/.m2/repository/com/netflix/ribbon/ribbon-loadbalancer/2.2.5/ribbon-loadbalancer-2.2.5.jar:/Users/cuijunyong/.m2/repository/com/netflix/netflix-commons/netflix-statistics/0.1.1/netflix-statistics-0.1.1.jar:/Users/cuijunyong/.m2/repository/io/reactivex/rxjava/1.3.8/rxjava-1.3.8.jar:/Users/cuijunyong/.m2/repository/org/springframework/cloud/spring-cloud-starter-netflix-archaius/2.0.0.RELEASE/spring-cloud-starter-netflix-archaius-2.0.0.RELEASE.jar:/Users/cuijunyong/.m2/repository/org/springframework/cloud/spring-cloud-netflix-archaius/2.0.0.RELEASE/spring-cloud-netflix-archaius-2.0.0.RELEASE.jar:/Users/cuijunyong/.m2/repository/commons-configuration/commons-configuration/1.8/commons-configuration-1.8.jar:/Users/cuijunyong/.m2/repository/org/springframework/spring-core/5.0.5.RELEASE/spring-core-5.0.5.RELEASE.jar:/Users/cuijunyong/.m2/repository/org/springframework/spring-jcl/5.0.5.RELEASE/spring-jcl-5.0.5.RELEASE.jar:/Users/cuijunyong/.m2/repository/org/springframework/cloud/spring-cloud-starter-eureka/1.4.5.RELEASE/spring-cloud-starter-eureka-1.4.5.RELEASE.jar:/Users/cuijunyong/.m2/repository/org/springframework/cloud/spring-cloud-starter-netflix-eureka-client/2.0.0.RELEASE/spring-cloud-starter-netflix-eureka-client-2.0.0.RELEASE.jar:/Users/cuijunyong/.m2/repository/org/springframework/cloud/spring-cloud-netflix-core/2.0.0.RELEASE/spring-cloud-netflix-core-2.0.0.RELEASE.jar:/Users/cuijunyong/.m2/repository/org/springframework/cloud/spring-cloud-netflix-eureka-client/2.0.0.RELEASE/spring-cloud-netflix-eureka-client-2.0.0.RELEASE.jar:/Users/cuijunyong/.m2/repository/com/netflix/eureka/eureka-client/1.9.2/eureka-client-1.9.2.jar:/Users/cuijunyong/.m2/repository/org/codehaus/jettison/jettison/1.3.7/jettison-1.3.7.jar:/Users/cuijunyong/.m2/repository/stax/stax-api/1.0.1/stax-api-1.0.1.jar:/Users/cuijunyong/.m2/repository/com/netflix/netflix-commons/netflix-eventbus/0.3.0/netflix-eventbus-0.3.0.jar:/Users/cuijunyong/.m2/repository/com/netflix/netflix-commons/netflix-infix/0.3.0/netflix-infix-0.3.0.jar:/Users/cuijunyong/.m2/repository/commons-jxpath/commons-jxpath/1.3/commons-jxpath-1.3.jar:/Users/cuijunyong/.m2/repository/joda-time/joda-time/2.9.9/joda-time-2.9.9.jar:/Users/cuijunyong/.m2/repository/org/antlr/antlr-runtime/3.4/antlr-runtime-3.4.jar:/Users/cuijunyong/.m2/repository/org/antlr/stringtemplate/3.2.1/stringtemplate-3.2.1.jar:/Users/cuijunyong/.m2/repository/antlr/antlr/2.7.7/antlr-2.7.7.jar:/Users/cuijunyong/.m2/repository/com/google/code/gson/gson/2.8.2/gson-2.8.2.jar:/Users/cuijunyong/.m2/repository/org/apache/commons/commons-math/2.2/commons-math-2.2.jar:/Users/cuijunyong/.m2/repository/javax/ws/rs/jsr311-api/1.1.1/jsr311-api-1.1.1.jar:/Users/cuijunyong/.m2/repository/com/sun/jersey/jersey-core/1.19.1/jersey-core-1.19.1.jar:/Users/cuijunyong/.m2/repository/com/google/inject/guice/4.1.0/guice-4.1.0.jar:/Users/cuijunyong/.m2/repository/aopalliance/aopalliance/1.0/aopalliance-1.0.jar:/Users/cuijunyong/.m2/repository/com/github/vlsi/compactmap/compactmap/1.2.1/compactmap-1.2.1.jar:/Users/cuijunyong/.m2/repository/com/github/andrewoma/dexx/dexx-collections/0.2/dexx-collections-0.2.jar:/Users/cuijunyong/.m2/repository/com/netflix/eureka/eureka-core/1.9.2/eureka-core-1.9.2.jar:/Users/cuijunyong/.m2/repository/org/codehaus/woodstox/woodstox-core-asl/4.4.1/woodstox-core-asl-4.4.1.jar:/Users/cuijunyong/.m2/repository/javax/xml/stream/stax-api/1.0-2/stax-api-1.0-2.jar:/Users/cuijunyong/.m2/repository/com/thoughtworks/xstream/xstream/1.4.10/xstream-1.4.10.jar:/Users/cuijunyong/.m2/repository/xmlpull/xmlpull/1.1.3.1/xmlpull-1.1.3.1.jar:/Users/cuijunyong/.m2/repository/xpp3/xpp3_min/1.1.4c/xpp3_min-1.1.4c.jar:/Users/cuijunyong/.m2/repository/org/springframework/cloud/spring-cloud-starter-ribbon/1.4.5.RELEASE/spring-cloud-starter-ribbon-1.4.5.RELEASE.jar:/Users/cuijunyong/.m2/repository/org/springframework/cloud/spring-cloud-starter-netflix-eureka-server/2.0.0.RELEASE/spring-cloud-starter-netflix-eureka-server-2.0.0.RELEASE.jar:/Users/cuijunyong/.m2/repository/org/springframework/cloud/spring-cloud-netflix-eureka-server/2.0.0.RELEASE/spring-cloud-netflix-eureka-server-2.0.0.RELEASE.jar:/Users/cuijunyong/.m2/repository/org/springframework/boot/spring-boot-starter-web/2.0.1.RELEASE/spring-boot-starter-web-2.0.1.RELEASE.jar:/Users/cuijunyong/.m2/repository/org/springframework/boot/spring-boot-starter-json/2.0.1.RELEASE/spring-boot-starter-json-2.0.1.RELEASE.jar:/Users/cuijunyong/.m2/repository/com/fasterxml/jackson/datatype/jackson-datatype-jdk8/2.9.5/jackson-datatype-jdk8-2.9.5.jar:/Users/cuijunyong/.m2/repository/com/fasterxml/jackson/module/jackson-module-parameter-names/2.9.5/jackson-module-parameter-names-2.9.5.jar:/Users/cuijunyong/.m2/repository/org/springframework/boot/spring-boot-starter-tomcat/2.0.1.RELEASE/spring-boot-starter-tomcat-2.0.1.RELEASE.jar:/Users/cuijunyong/.m2/repository/org/apache/tomcat/embed/tomcat-embed-core/8.5.29/tomcat-embed-core-8.5.29.jar:/Users/cuijunyong/.m2/repository/org/apache/tomcat/embed/tomcat-embed-el/8.5.29/tomcat-embed-el-8.5.29.jar:/Users/cuijunyong/.m2/repository/org/apache/tomcat/embed/tomcat-embed-websocket/8.5.29/tomcat-embed-websocket-8.5.29.jar:/Users/cuijunyong/.m2/repository/org/hibernate/validator/hibernate-validator/6.0.9.Final/hibernate-validator-6.0.9.Final.jar:/Users/cuijunyong/.m2/repository/javax/validation/validation-api/2.0.1.Final/validation-api-2.0.1.Final.jar:/Users/cuijunyong/.m2/repository/org/jboss/logging/jboss-logging/3.3.2.Final/jboss-logging-3.3.2.Final.jar:/Users/cuijunyong/.m2/repository/com/fasterxml/classmate/1.3.4/classmate-1.3.4.jar:/Users/cuijunyong/.m2/repository/org/springframework/spring-webmvc/5.0.5.RELEASE/spring-webmvc-5.0.5.RELEASE.jar:/Users/cuijunyong/.m2/repository/org/springframework/boot/spring-boot-starter-freemarker/2.0.1.RELEASE/spring-boot-starter-freemarker-2.0.1.RELEASE.jar:/Users/cuijunyong/.m2/repository/org/freemarker/freemarker/2.3.28/freemarker-2.3.28.jar:/Users/cuijunyong/.m2/repository/org/springframework/spring-context-support/5.0.5.RELEASE/spring-context-support-5.0.5.RELEASE.jar:/Users/cuijunyong/.m2/repository/com/sun/jersey/jersey-servlet/1.19.1/jersey-servlet-1.19.1.jar:/Users/cuijunyong/.m2/repository/com/sun/jersey/jersey-server/1.19.1/jersey-server-1.19.1.jar:/Users/cuijunyong/.m2/repository/javax/inject/javax.inject/1/javax.inject-1.jar:/Users/cuijunyong/.m2/repository/com/fasterxml/jackson/dataformat/jackson-dataformat-xml/2.9.5/jackson-dataformat-xml-2.9.5.jar:/Users/cuijunyong/.m2/repository/com/fasterxml/jackson/module/jackson-module-jaxb-annotations/2.9.5/jackson-module-jaxb-annotations-2.9.5.jar:/Users/cuijunyong/.m2/repository/org/codehaus/woodstox/stax2-api/3.1.4/stax2-api-3.1.4.jar:/Users/cuijunyong/.m2/repository/com/fasterxml/woodstox/woodstox-core/5.0.3/woodstox-core-5.0.3.jar:/Users/cuijunyong/.m2/repository/com/netflix/ribbon/ribbon-eureka/2.2.5/ribbon-eureka-2.2.5.jar:/Users/cuijunyong/.m2/repository/org/springframework/boot/spring-boot-starter-actuator/2.0.1.RELEASE/spring-boot-starter-actuator-2.0.1.RELEASE.jar:/Users/cuijunyong/.m2/repository/org/springframework/boot/spring-boot-actuator-autoconfigure/2.0.1.RELEASE/spring-boot-actuator-autoconfigure-2.0.1.RELEASE.jar:/Users/cuijunyong/.m2/repository/org/springframework/boot/spring-boot-actuator/2.0.1.RELEASE/spring-boot-actuator-2.0.1.RELEASE.jar:/Users/cuijunyong/.m2/repository/com/fasterxml/jackson/core/jackson-databind/2.9.5/jackson-databind-2.9.5.jar:/Users/cuijunyong/.m2/repository/com/fasterxml/jackson/datatype/jackson-datatype-jsr310/2.9.5/jackson-datatype-jsr310-2.9.5.jar:/Users/cuijunyong/.m2/repository/io/micrometer/micrometer-core/1.0.3/micrometer-core-1.0.3.jar:/Users/cuijunyong/.m2/repository/org/hdrhistogram/HdrHistogram/2.1.10/HdrHistogram-2.1.10.jar:/Users/cuijunyong/.m2/repository/org/latencyutils/LatencyUtils/2.0.3/LatencyUtils-2.0.3.jar:/Users/cuijunyong/.m2/repository/org/springframework/boot/spring-boot-starter-logging/2.0.1.RELEASE/spring-boot-starter-logging-2.0.1.RELEASE.jar:/Users/cuijunyong/.m2/repository/ch/qos/logback/logback-classic/1.2.3/logback-classic-1.2.3.jar:/Users/cuijunyong/.m2/repository/ch/qos/logback/logback-core/1.2.3/logback-core-1.2.3.jar:/Users/cuijunyong/.m2/repository/org/apache/logging/log4j/log4j-to-slf4j/2.10.0/log4j-to-slf4j-2.10.0.jar:/Users/cuijunyong/.m2/repository/org/apache/logging/log4j/log4j-api/2.10.0/log4j-api-2.10.0.jar:/Users/cuijunyong/.m2/repository/org/slf4j/jul-to-slf4j/1.7.25/jul-to-slf4j-1.7.25.jar:, java.specification.name=Java Platform API Specification, java.class.version=52.0, sun.management.compiler=HotSpot 64-Bit Tiered Compilers, os.version=10.14.4, http.nonProxyHosts=192.168.0.0/16|*.192.168.0.0/16|10.0.0.0/8|*.10.0.0.0/8|172.16.0.0/12|*.172.16.0.0/12|127.0.0.1|localhost|*.localhost|local|*.local|crashlytics.com|*.crashlytics.com, user.home=/Users/cuijunyong, user.timezone=Asia/Shanghai, java.awt.printerjob=sun.lwawt.macosx.CPrinterJob, file.encoding=UTF-8, java.specification.version=1.8, java.class.path=/Users/cuijunyong/myWorkSpace/project/love-service/love-service-impl/target/test-classes:/Users/cuijunyong/myWorkSpace/project/love-service/love-service-impl/target/classes:/Users/cuijunyong/myWorkSpace/project/love-service/love-client/target/love-client-0.0.1-SNAPSHOT.jar:/Users/cuijunyong/.m2/repository/com/baomidou/dynamic-datasource-spring-boot-starter/2.2.3/dynamic-datasource-spring-boot-starter-2.2.3.jar:/Users/cuijunyong/.m2/repository/org/springframework/boot/spring-boot-starter-jdbc/2.0.1.RELEASE/spring-boot-starter-jdbc-2.0.1.RELEASE.jar:/Users/cuijunyong/.m2/repository/com/zaxxer/HikariCP/2.7.8/HikariCP-2.7.8.jar:/Users/cuijunyong/.m2/repository/org/springframework/spring-jdbc/5.0.5.RELEASE/spring-jdbc-5.0.5.RELEASE.jar:/Users/cuijunyong/.m2/repository/org/springframework/spring-tx/5.0.5.RELEASE/spring-tx-5.0.5.RELEASE.jar:/Users/cuijunyong/.m2/repository/org/springframework/boot/spring-boot-starter-aop/2.0.1.RELEASE/spring-boot-starter-aop-2.0.1.RELEASE.jar:/Users/cuijunyong/.m2/repository/org/springframework/spring-aop/5.0.5.RELEASE/spring-aop-5.0.5.RELEASE.jar:/Users/cuijunyong/.m2/repository/org/aspectj/aspectjweaver/1.8.13/aspectjweaver-1.8.13.jar:/Users/cuijunyong/.m2/repository/org/mybatis/generator/mybatis-generator-core/1.3.2/mybatis-generator-core-1.3.2.jar:/Users/cuijunyong/.m2/repository/org/mybatis/mybatis-spring/1.3.2/mybatis-spring-1.3.2.jar:/Users/cuijunyong/.m2/repository/mysql/mysql-connector-java/5.1.35/mysql-connector-java-5.1.35.jar:/Users/cuijunyong/.m2/repository/org/mybatis/mybatis/3.4.5/mybatis-3.4.5.jar:/Users/cuijunyong/.m2/repository/org/springframework/boot/spring-boot-starter/2.0.1.RELEASE/spring-boot-starter-2.0.1.RELEASE.jar:/Users/cuijunyong/.m2/repository/org/springframework/boot/spring-boot/2.0.1.RELEASE/spring-boot-2.0.1.RELEASE.jar:/Users/cuijunyong/.m2/repository/org/springframework/spring-context/5.0.5.RELEASE/spring-context-5.0.5.RELEASE.jar:/Users/cuijunyong/.m2/repository/org/springframework/spring-expression/5.0.5.RELEASE/spring-expression-5.0.5.RELEASE.jar:/Users/cuijunyong/.m2/repository/org/springframework/boot/spring-boot-autoconfigure/2.0.1.RELEASE/spring-boot-autoconfigure-2.0.1.RELEASE.jar:/Users/cuijunyong/.m2/repository/javax/annotation/javax.annotation-api/1.3.2/javax.annotation-api-1.3.2.jar:/Users/cuijunyong/.m2/repository/org/yaml/snakeyaml/1.19/snakeyaml-1.19.jar:/Users/cuijunyong/.m2/repository/org/springframework/boot/spring-boot-starter-test/2.0.1.RELEASE/spring-boot-starter-test-2.0.1.RELEASE.jar:/Users/cuijunyong/.m2/repository/org/springframework/boot/spring-boot-test/2.0.1.RELEASE/spring-boot-test-2.0.1.RELEASE.jar:/Users/cuijunyong/.m2/repository/org/springframework/boot/spring-boot-test-autoconfigure/2.0.1.RELEASE/spring-boot-test-autoconfigure-2.0.1.RELEASE.jar:/Users/cuijunyong/.m2/repository/com/jayway/jsonpath/json-path/2.4.0/json-path-2.4.0.jar:/Users/cuijunyong/.m2/repository/net/minidev/json-smart/2.3/json-smart-2.3.jar:/Users/cuijunyong/.m2/repository/net/minidev/accessors-smart/1.2/accessors-smart-1.2.jar:/Users/cuijunyong/.m2/repository/org/ow2/asm/asm/5.0.4/asm-5.0.4.jar:/Users/cuijunyong/.m2/repository/org/slf4j/slf4j-api/1.7.25/slf4j-api-1.7.25.jar:/Users/cuijunyong/.m2/repository/junit/junit/4.12/junit-4.12.jar:/Users/cuijunyong/.m2/repository/org/assertj/assertj-core/3.9.1/assertj-core-3.9.1.jar:/Users/cuijunyong/.m2/repository/org/mockito/mockito-core/2.15.0/mockito-core-2.15.0.jar:/Users/cuijunyong/.m2/repository/net/bytebuddy/byte-buddy/1.7.11/byte-buddy-1.7.11.jar:/Users/cuijunyong/.m2/repository/net/bytebuddy/byte-buddy-agent/1.7.11/byte-buddy-agent-1.7.11.jar:/Users/cuijunyong/.m2/repository/org/objenesis/objenesis/2.6/objenesis-2.6.jar:/Users/cuijunyong/.m2/repository/org/hamcrest/hamcrest-core/1.3/hamcrest-core-1.3.jar:/Users/cuijunyong/.m2/repository/org/hamcrest/hamcrest-library/1.3/hamcrest-library-1.3.jar:/Users/cuijunyong/.m2/repository/org/skyscreamer/jsonassert/1.5.0/jsonassert-1.5.0.jar:/Users/cuijunyong/.m2/repository/com/vaadin/external/google/android-json/0.0.20131108.vaadin1/android-json-0.0.20131108.vaadin1.jar:/Users/cuijunyong/.m2/repository/org/springframework/spring-test/5.0.5.RELEASE/spring-test-5.0.5.RELEASE.jar:/Users/cuijunyong/.m2/repository/org/xmlunit/xmlunit-core/2.5.1/xmlunit-core-2.5.1.jar:/Users/cuijunyong/.m2/repository/org/springframework/cloud/spring-cloud-starter-openfeign/2.0.0.RELEASE/spring-cloud-starter-openfeign-2.0.0.RELEASE.jar:/Users/cuijunyong/.m2/repository/org/springframework/cloud/spring-cloud-starter/2.0.0.RELEASE/spring-cloud-starter-2.0.0.RELEASE.jar:/Users/cuijunyong/.m2/repository/org/springframework/cloud/spring-cloud-context/2.0.0.RELEASE/spring-cloud-context-2.0.0.RELEASE.jar:/Users/cuijunyong/.m2/repository/org/springframework/security/spring-security-rsa/1.0.5.RELEASE/spring-security-rsa-1.0.5.RELEASE.jar:/Users/cuijunyong/.m2/repository/org/bouncycastle/bcpkix-jdk15on/1.56/bcpkix-jdk15on-1.56.jar:/Users/cuijunyong/.m2/repository/org/bouncycastle/bcprov-jdk15on/1.56/bcprov-jdk15on-1.56.jar:/Users/cuijunyong/.m2/repository/org/springframework/cloud/spring-cloud-openfeign-core/2.0.0.RELEASE/spring-cloud-openfeign-core-2.0.0.RELEASE.jar:/Users/cuijunyong/.m2/repository/org/springframework/cloud/spring-cloud-netflix-ribbon/2.0.0.RELEASE/spring-cloud-netflix-ribbon-2.0.0.RELEASE.jar:/Users/cuijunyong/.m2/repository/org/springframework/spring-web/5.0.5.RELEASE/spring-web-5.0.5.RELEASE.jar:/Users/cuijunyong/.m2/repository/org/springframework/spring-beans/5.0.5.RELEASE/spring-beans-5.0.5.RELEASE.jar:/Users/cuijunyong/.m2/repository/org/springframework/cloud/spring-cloud-commons/2.0.0.RELEASE/spring-cloud-commons-2.0.0.RELEASE.jar:/Users/cuijunyong/.m2/repository/org/springframework/security/spring-security-crypto/5.0.4.RELEASE/spring-security-crypto-5.0.4.RELEASE.jar:/Users/cuijunyong/.m2/repository/io/github/openfeign/feign-core/9.5.1/feign-core-9.5.1.jar:/Users/cuijunyong/.m2/repository/io/github/openfeign/feign-slf4j/9.5.1/feign-slf4j-9.5.1.jar:/Users/cuijunyong/.m2/repository/io/github/openfeign/feign-hystrix/9.5.1/feign-hystrix-9.5.1.jar:/Users/cuijunyong/.m2/repository/com/netflix/archaius/archaius-core/0.7.6/archaius-core-0.7.6.jar:/Users/cuijunyong/.m2/repository/com/google/code/findbugs/jsr305/3.0.1/jsr305-3.0.1.jar:/Users/cuijunyong/.m2/repository/com/google/guava/guava/16.0/guava-16.0.jar:/Users/cuijunyong/.m2/repository/com/fasterxml/jackson/core/jackson-annotations/2.9.0/jackson-annotations-2.9.0.jar:/Users/cuijunyong/.m2/repository/com/fasterxml/jackson/core/jackson-core/2.9.5/jackson-core-2.9.5.jar:/Users/cuijunyong/.m2/repository/com/netflix/hystrix/hystrix-core/1.5.12/hystrix-core-1.5.12.jar:/Users/cuijunyong/.m2/repository/io/github/openfeign/feign-java8/9.5.1/feign-java8-9.5.1.jar:/Users/cuijunyong/.m2/repository/org/springframework/cloud/spring-cloud-starter-netflix-ribbon/2.0.0.RELEASE/spring-cloud-starter-netflix-ribbon-2.0.0.RELEASE.jar:/Users/cuijunyong/.m2/repository/com/netflix/ribbon/ribbon/2.2.5/ribbon-2.2.5.jar:/Users/cuijunyong/.m2/repository/com/netflix/ribbon/ribbon-transport/2.2.5/ribbon-transport-2.2.5.jar:/Users/cuijunyong/.m2/repository/io/reactivex/rxnetty-contexts/0.4.9/rxnetty-contexts-0.4.9.jar:/Users/cuijunyong/.m2/repository/io/reactivex/rxnetty-servo/0.4.9/rxnetty-servo-0.4.9.jar:/Users/cuijunyong/.m2/repository/io/reactivex/rxnetty/0.4.9/rxnetty-0.4.9.jar:/Users/cuijunyong/.m2/repository/io/netty/netty-codec-http/4.1.23.Final/netty-codec-http-4.1.23.Final.jar:/Users/cuijunyong/.m2/repository/io/netty/netty-codec/4.1.23.Final/netty-codec-4.1.23.Final.jar:/Users/cuijunyong/.m2/repository/io/netty/netty-transport-native-epoll/4.1.23.Final/netty-transport-native-epoll-4.1.23.Final.jar:/Users/cuijunyong/.m2/repository/io/netty/netty-common/4.1.23.Final/netty-common-4.1.23.Final.jar:/Users/cuijunyong/.m2/repository/io/netty/netty-buffer/4.1.23.Final/netty-buffer-4.1.23.Final.jar:/Users/cuijunyong/.m2/repository/io/netty/netty-transport-native-unix-common/4.1.23.Final/netty-transport-native-unix-common-4.1.23.Final.jar:/Users/cuijunyong/.m2/repository/io/netty/netty-transport/4.1.23.Final/netty-transport-4.1.23.Final.jar:/Users/cuijunyong/.m2/repository/io/netty/netty-resolver/4.1.23.Final/netty-resolver-4.1.23.Final.jar:/Users/cuijunyong/.m2/repository/com/netflix/ribbon/ribbon-core/2.2.5/ribbon-core-2.2.5.jar:/Users/cuijunyong/.m2/repository/commons-lang/commons-lang/2.6/commons-lang-2.6.jar:/Users/cuijunyong/.m2/repository/com/netflix/ribbon/ribbon-httpclient/2.2.5/ribbon-httpclient-2.2.5.jar:/Users/cuijunyong/.m2/repository/commons-collections/commons-collections/3.2.2/commons-collections-3.2.2.jar:/Users/cuijunyong/.m2/repository/org/apache/httpcomponents/httpclient/4.5.5/httpclient-4.5.5.jar:/Users/cuijunyong/.m2/repository/org/apache/httpcomponents/httpcore/4.4.9/httpcore-4.4.9.jar:/Users/cuijunyong/.m2/repository/commons-codec/commons-codec/1.11/commons-codec-1.11.jar:/Users/cuijunyong/.m2/repository/com/sun/jersey/jersey-client/1.19.1/jersey-client-1.19.1.jar:/Users/cuijunyong/.m2/repository/com/sun/jersey/contribs/jersey-apache-client4/1.19.1/jersey-apache-client4-1.19.1.jar:/Users/cuijunyong/.m2/repository/com/netflix/servo/servo-core/0.12.21/servo-core-0.12.21.jar:/Users/cuijunyong/.m2/repository/com/netflix/netflix-commons/netflix-commons-util/0.3.0/netflix-commons-util-0.3.0.jar:/Users/cuijunyong/.m2/repository/com/netflix/ribbon/ribbon-loadbalancer/2.2.5/ribbon-loadbalancer-2.2.5.jar:/Users/cuijunyong/.m2/repository/com/netflix/netflix-commons/netflix-statistics/0.1.1/netflix-statistics-0.1.1.jar:/Users/cuijunyong/.m2/repository/io/reactivex/rxjava/1.3.8/rxjava-1.3.8.jar:/Users/cuijunyong/.m2/repository/org/springframework/cloud/spring-cloud-starter-netflix-archaius/2.0.0.RELEASE/spring-cloud-starter-netflix-archaius-2.0.0.RELEASE.jar:/Users/cuijunyong/.m2/repository/org/springframework/cloud/spring-cloud-netflix-archaius/2.0.0.RELEASE/spring-cloud-netflix-archaius-2.0.0.RELEASE.jar:/Users/cuijunyong/.m2/repository/commons-configuration/commons-configuration/1.8/commons-configuration-1.8.jar:/Users/cuijunyong/.m2/repository/org/springframework/spring-core/5.0.5.RELEASE/spring-core-5.0.5.RELEASE.jar:/Users/cuijunyong/.m2/repository/org/springframework/spring-jcl/5.0.5.RELEASE/spring-jcl-5.0.5.RELEASE.jar:/Users/cuijunyong/.m2/repository/org/springframework/cloud/spring-cloud-starter-eureka/1.4.5.RELEASE/spring-cloud-starter-eureka-1.4.5.RELEASE.jar:/Users/cuijunyong/.m2/repository/org/springframework/cloud/spring-cloud-starter-netflix-eureka-client/2.0.0.RELEASE/spring-cloud-starter-netflix-eureka-client-2.0.0.RELEASE.jar:/Users/cuijunyong/.m2/repository/org/springframework/cloud/spring-cloud-netflix-core/2.0.0.RELEASE/spring-cloud-netflix-core-2.0.0.RELEASE.jar:/Users/cuijunyong/.m2/repository/org/springframework/cloud/spring-cloud-netflix-eureka-client/2.0.0.RELEASE/spring-cloud-netflix-eureka-client-2.0.0.RELEASE.jar:/Users/cuijunyong/.m2/repository/com/netflix/eureka/eureka-client/1.9.2/eureka-client-1.9.2.jar:/Users/cuijunyong/.m2/repository/org/codehaus/jettison/jettison/1.3.7/jettison-1.3.7.jar:/Users/cuijunyong/.m2/repository/stax/stax-api/1.0.1/stax-api-1.0.1.jar:/Users/cuijunyong/.m2/repository/com/netflix/netflix-commons/netflix-eventbus/0.3.0/netflix-eventbus-0.3.0.jar:/Users/cuijunyong/.m2/repository/com/netflix/netflix-commons/netflix-infix/0.3.0/netflix-infix-0.3.0.jar:/Users/cuijunyong/.m2/repository/commons-jxpath/commons-jxpath/1.3/commons-jxpath-1.3.jar:/Users/cuijunyong/.m2/repository/joda-time/joda-time/2.9.9/joda-time-2.9.9.jar:/Users/cuijunyong/.m2/repository/org/antlr/antlr-runtime/3.4/antlr-runtime-3.4.jar:/Users/cuijunyong/.m2/repository/org/antlr/stringtemplate/3.2.1/stringtemplate-3.2.1.jar:/Users/cuijunyong/.m2/repository/antlr/antlr/2.7.7/antlr-2.7.7.jar:/Users/cuijunyong/.m2/repository/com/google/code/gson/gson/2.8.2/gson-2.8.2.jar:/Users/cuijunyong/.m2/repository/org/apache/commons/commons-math/2.2/commons-math-2.2.jar:/Users/cuijunyong/.m2/repository/javax/ws/rs/jsr311-api/1.1.1/jsr311-api-1.1.1.jar:/Users/cuijunyong/.m2/repository/com/sun/jersey/jersey-core/1.19.1/jersey-core-1.19.1.jar:/Users/cuijunyong/.m2/repository/com/google/inject/guice/4.1.0/guice-4.1.0.jar:/Users/cuijunyong/.m2/repository/aopalliance/aopalliance/1.0/aopalliance-1.0.jar:/Users/cuijunyong/.m2/repository/com/github/vlsi/compactmap/compactmap/1.2.1/compactmap-1.2.1.jar:/Users/cuijunyong/.m2/repository/com/github/andrewoma/dexx/dexx-collections/0.2/dexx-collections-0.2.jar:/Users/cuijunyong/.m2/repository/com/netflix/eureka/eureka-core/1.9.2/eureka-core-1.9.2.jar:/Users/cuijunyong/.m2/repository/org/codehaus/woodstox/woodstox-core-asl/4.4.1/woodstox-core-asl-4.4.1.jar:/Users/cuijunyong/.m2/repository/javax/xml/stream/stax-api/1.0-2/stax-api-1.0-2.jar:/Users/cuijunyong/.m2/repository/com/thoughtworks/xstream/xstream/1.4.10/xstream-1.4.10.jar:/Users/cuijunyong/.m2/repository/xmlpull/xmlpull/1.1.3.1/xmlpull-1.1.3.1.jar:/Users/cuijunyong/.m2/repository/xpp3/xpp3_min/1.1.4c/xpp3_min-1.1.4c.jar:/Users/cuijunyong/.m2/repository/org/springframework/cloud/spring-cloud-starter-ribbon/1.4.5.RELEASE/spring-cloud-starter-ribbon-1.4.5.RELEASE.jar:/Users/cuijunyong/.m2/repository/org/springframework/cloud/spring-cloud-starter-netflix-eureka-server/2.0.0.RELEASE/spring-cloud-starter-netflix-eureka-server-2.0.0.RELEASE.jar:/Users/cuijunyong/.m2/repository/org/springframework/cloud/spring-cloud-netflix-eureka-server/2.0.0.RELEASE/spring-cloud-netflix-eureka-server-2.0.0.RELEASE.jar:/Users/cuijunyong/.m2/repository/org/springframework/boot/spring-boot-starter-web/2.0.1.RELEASE/spring-boot-starter-web-2.0.1.RELEASE.jar:/Users/cuijunyong/.m2/repository/org/springframework/boot/spring-boot-starter-json/2.0.1.RELEASE/spring-boot-starter-json-2.0.1.RELEASE.jar:/Users/cuijunyong/.m2/repository/com/fasterxml/jackson/datatype/jackson-datatype-jdk8/2.9.5/jackson-datatype-jdk8-2.9.5.jar:/Users/cuijunyong/.m2/repository/com/fasterxml/jackson/module/jackson-module-parameter-names/2.9.5/jackson-module-parameter-names-2.9.5.jar:/Users/cuijunyong/.m2/repository/org/springframework/boot/spring-boot-starter-tomcat/2.0.1.RELEASE/spring-boot-starter-tomcat-2.0.1.RELEASE.jar:/Users/cuijunyong/.m2/repository/org/apache/tomcat/embed/tomcat-embed-core/8.5.29/tomcat-embed-core-8.5.29.jar:/Users/cuijunyong/.m2/repository/org/apache/tomcat/embed/tomcat-embed-el/8.5.29/tomcat-embed-el-8.5.29.jar:/Users/cuijunyong/.m2/repository/org/apache/tomcat/embed/tomcat-embed-websocket/8.5.29/tomcat-embed-websocket-8.5.29.jar:/Users/cuijunyong/.m2/repository/org/hibernate/validator/hibernate-validator/6.0.9.Final/hibernate-validator-6.0.9.Final.jar:/Users/cuijunyong/.m2/repository/javax/validation/validation-api/2.0.1.Final/validation-api-2.0.1.Final.jar:/Users/cuijunyong/.m2/repository/org/jboss/logging/jboss-logging/3.3.2.Final/jboss-logging-3.3.2.Final.jar:/Users/cuijunyong/.m2/repository/com/fasterxml/classmate/1.3.4/classmate-1.3.4.jar:/Users/cuijunyong/.m2/repository/org/springframework/spring-webmvc/5.0.5.RELEASE/spring-webmvc-5.0.5.RELEASE.jar:/Users/cuijunyong/.m2/repository/org/springframework/boot/spring-boot-starter-freemarker/2.0.1.RELEASE/spring-boot-starter-freemarker-2.0.1.RELEASE.jar:/Users/cuijunyong/.m2/repository/org/freemarker/freemarker/2.3.28/freemarker-2.3.28.jar:/Users/cuijunyong/.m2/repository/org/springframework/spring-context-support/5.0.5.RELEASE/spring-context-support-5.0.5.RELEASE.jar:/Users/cuijunyong/.m2/repository/com/sun/jersey/jersey-servlet/1.19.1/jersey-servlet-1.19.1.jar:/Users/cuijunyong/.m2/repository/com/sun/jersey/jersey-server/1.19.1/jersey-server-1.19.1.jar:/Users/cuijunyong/.m2/repository/javax/inject/javax.inject/1/javax.inject-1.jar:/Users/cuijunyong/.m2/repository/com/fasterxml/jackson/dataformat/jackson-dataformat-xml/2.9.5/jackson-dataformat-xml-2.9.5.jar:/Users/cuijunyong/.m2/repository/com/fasterxml/jackson/module/jackson-module-jaxb-annotations/2.9.5/jackson-module-jaxb-annotations-2.9.5.jar:/Users/cuijunyong/.m2/repository/org/codehaus/woodstox/stax2-api/3.1.4/stax2-api-3.1.4.jar:/Users/cuijunyong/.m2/repository/com/fasterxml/woodstox/woodstox-core/5.0.3/woodstox-core-5.0.3.jar:/Users/cuijunyong/.m2/repository/com/netflix/ribbon/ribbon-eureka/2.2.5/ribbon-eureka-2.2.5.jar:/Users/cuijunyong/.m2/repository/org/springframework/boot/spring-boot-starter-actuator/2.0.1.RELEASE/spring-boot-starter-actuator-2.0.1.RELEASE.jar:/Users/cuijunyong/.m2/repository/org/springframework/boot/spring-boot-actuator-autoconfigure/2.0.1.RELEASE/spring-boot-actuator-autoconfigure-2.0.1.RELEASE.jar:/Users/cuijunyong/.m2/repository/org/springframework/boot/spring-boot-actuator/2.0.1.RELEASE/spring-boot-actuator-2.0.1.RELEASE.jar:/Users/cuijunyong/.m2/repository/com/fasterxml/jackson/core/jackson-databind/2.9.5/jackson-databind-2.9.5.jar:/Users/cuijunyong/.m2/repository/com/fasterxml/jackson/datatype/jackson-datatype-jsr310/2.9.5/jackson-datatype-jsr310-2.9.5.jar:/Users/cuijunyong/.m2/repository/io/micrometer/micrometer-core/1.0.3/micrometer-core-1.0.3.jar:/Users/cuijunyong/.m2/repository/org/hdrhistogram/HdrHistogram/2.1.10/HdrHistogram-2.1.10.jar:/Users/cuijunyong/.m2/repository/org/latencyutils/LatencyUtils/2.0.3/LatencyUtils-2.0.3.jar:/Users/cuijunyong/.m2/repository/org/springframework/boot/spring-boot-starter-logging/2.0.1.RELEASE/spring-boot-starter-logging-2.0.1.RELEASE.jar:/Users/cuijunyong/.m2/repository/ch/qos/logback/logback-classic/1.2.3/logback-classic-1.2.3.jar:/Users/cuijunyong/.m2/repository/ch/qos/logback/logback-core/1.2.3/logback-core-1.2.3.jar:/Users/cuijunyong/.m2/repository/org/apache/logging/log4j/log4j-to-slf4j/2.10.0/log4j-to-slf4j-2.10.0.jar:/Users/cuijunyong/.m2/repository/org/apache/logging/log4j/log4j-api/2.10.0/log4j-api-2.10.0.jar:/Users/cuijunyong/.m2/repository/org/slf4j/jul-to-slf4j/1.7.25/jul-to-slf4j-1.7.25.jar:, user.name=cuijunyong, java.vm.specification.version=1.8, sun.java.command=/Users/cuijunyong/myWorkSpace/project/love-service/love-service-impl/target/surefire/surefirebooter1900238084454685527.jar /Users/cuijunyong/myWorkSpace/project/love-service/love-service-impl/target/surefire 2019-05-04T12-09-08_856-jvmRun1 surefire2203952634889190612tmp surefire_08193454875651253162tmp, java.home=/Library/Java/JavaVirtualMachines/jdk1.8.0_131.jdk/Contents/Home/jre, sun.arch.data.model=64, user.language=zh, java.specification.vendor=Oracle Corporation, awt.toolkit=sun.lwawt.macosx.LWCToolkit, java.vm.info=mixed mode, java.version=1.8.0_131, java.ext.dirs=/Users/cuijunyong/Library/Java/Extensions:/Library/Java/JavaVirtualMachines/jdk1.8.0_131.jdk/Contents/Home/jre/lib/ext:/Library/Java/Extensions:/Network/Library/Java/Extensions:/System/Library/Java/Extensions:/usr/lib/java, sun.boot.class.path=/Library/Java/JavaVirtualMachines/jdk1.8.0_131.jdk/Contents/Home/jre/lib/resources.jar:/Library/Java/JavaVirtualMachines/jdk1.8.0_131.jdk/Contents/Home/jre/lib/rt.jar:/Library/Java/JavaVirtualMachines/jdk1.8.0_131.jdk/Contents/Home/jre/lib/sunrsasign.jar:/Library/Java/JavaVirtualMachines/jdk1.8.0_131.jdk/Contents/Home/jre/lib/jsse.jar:/Library/Java/JavaVirtualMachines/jdk1.8.0_131.jdk/Contents/Home/jre/lib/jce.jar:/Library/Java/JavaVirtualMachines/jdk1.8.0_131.jdk/Contents/Home/jre/lib/charsets.jar:/Library/Java/JavaVirtualMachines/jdk1.8.0_131.jdk/Contents/Home/jre/lib/jfr.jar:/Library/Java/JavaVirtualMachines/jdk1.8.0_131.jdk/Contents/Home/jre/classes, java.vendor=Oracle Corporation, localRepository=/Users/cuijunyong/.m2/repository, file.separator=/, java.vendor.url.bug=http://bugreport.sun.com/bugreport/, sun.io.unicode.encoding=UnicodeBig, sun.cpu.endian=little, socksNonProxyHosts=192.168.0.0/16|*.192.168.0.0/16|10.0.0.0/8|*.10.0.0.0/8|172.16.0.0/12|*.172.16.0.0/12|127.0.0.1|localhost|*.localhost|local|*.local|crashlytics.com|*.crashlytics.com, ftp.nonProxyHosts=192.168.0.0/16|*.192.168.0.0/16|10.0.0.0/8|*.10.0.0.0/8|172.16.0.0/12|*.172.16.0.0/12|127.0.0.1|localhost|*.localhost|local|*.local|crashlytics.com|*.crashlytics.com, sun.cpu.isalist=}}, SystemEnvironmentPropertySource@726281927 {name='systemEnvironment', properties={PATH=/opt/local/bin:/opt/local/sbin:/Users/cuijunyong/.jenv/shims:/Users/cuijunyong/.jenv/bin:/Library/Java/JavaVirtualMachines/jdk1.7.0_71.jdk/Contents/Home//bin:/Users/cuijunyong/software/apache-tomcat-7.0.62/bin:/Library/Java/JavaVirtualMachines/jdk1.7.0_71.jdk/Contents/Home//bin:/usr/local/bin:/usr/bin:/bin:/usr/sbin:/sbin:/Users/cuijunyong/software/maven/bin, ZDOTDIR=, WORKON_HOME=/Users/cuijunyong/.virtualenvs, JAVA_HOME=/Library/Java/JavaVirtualMachines/jdk1.8.0_131.jdk/Contents/Home, TERM=xterm-256color, VIRTUALENVWRAPPER_SCRIPT=/usr/local/bin/virtualenvwrapper.sh, DISPLAY=/private/tmp/com.apple.launchd.h4BqIa44pR/org.macosforge.xquartz:0, JAVA_MAIN_CLASS_17151=org.apache.maven.surefire.booter.ForkedBooter, VIRTUALENVWRAPPER_WORKON_CD=1, JAVA_MAIN_CLASS_17132=org.codehaus.plexus.classworlds.launcher.Launcher, LOGNAME=cuijunyong, XPC_SERVICE_NAME=0, PWD=/Users/cuijunyong/myWorkSpace/project/love-service/love-service-impl, MAVEN_CMD_LINE_ARGS= clean install, _=/Library/Java/JavaVirtualMachines/jdk1.8.0_131.jdk/Contents/Home/jre/bin/java, SHELL=/bin/zsh, PAGER=less, LSCOLORS=Gxfxcxdxbxegedabagacad, MAVEN_PROJECTBASEDIR=/Users/cuijunyong/myWorkSpace/project, OLDPWD=/Users/cuijunyong/myWorkSpace/project/love-service/love-service-impl, VIRTUALENVWRAPPER_HOOK_DIR=/Users/cuijunyong/.virtualenvs, USER=cuijunyong, CLASSPATH=.:/Library/Java/JavaVirtualMachines/jdk1.7.0_71.jdk/Contents/Home//lib/dt.jar:/Library/Java/JavaVirtualMachines/jdk1.7.0_71.jdk/Contents/Home//lib/tools.jar, ZSH=/Users/cuijunyong/.oh-my-zsh, TMPDIR=/var/folders/0s/065v7vgn5570twjl99f3fs3c0000gn/T/, SSH_AUTH_SOCK=/private/tmp/com.apple.launchd.34CK1akgiA/Listeners, XPC_FLAGS=0x0, VIRTUALENVWRAPPER_PROJECT_FILENAME=.project, M2_HOME=/Users/cuijunyong/software/maven, __CF_USER_TEXT_ENCODING=0x1F5:0x19:0x34, Apple_PubSub_Socket_Render=/private/tmp/com.apple.launchd.6KDHXjHptQ/Render, LESS=-R, LC_CTYPE=zh_CN.UTF-8, HOME=/Users/cuijunyong, SHLVL=2, JENV_LOADED=1}}]
12:09:10.737 [main] DEBUG org.springframework.core.io.support.PathMatchingResourcePatternResolver - Resolved classpath location [com/hbc/loveserviceimpl/] to resources [URL [file:/Users/cuijunyong/myWorkSpace/project/love-service/love-service-impl/target/test-classes/com/hbc/loveserviceimpl/]]
12:09:10.737 [main] DEBUG org.springframework.core.io.support.PathMatchingResourcePatternResolver - Looking for matching resources in directory tree [/Users/cuijunyong/myWorkSpace/project/love-service/love-service-impl/target/test-classes/com/hbc/loveserviceimpl]
12:09:10.738 [main] DEBUG org.springframework.core.io.support.PathMatchingResourcePatternResolver - Searching directory [/Users/cuijunyong/myWorkSpace/project/love-service/love-service-impl/target/test-classes/com/hbc/loveserviceimpl] for files matching pattern [/Users/cuijunyong/myWorkSpace/project/love-service/love-service-impl/target/test-classes/com/hbc/loveserviceimpl/*.class]
12:09:10.742 [main] DEBUG org.springframework.core.io.support.PathMatchingResourcePatternResolver - Resolved location pattern [classpath*:com/hbc/loveserviceimpl/*.class] to resources [file [/Users/cuijunyong/myWorkSpace/project/love-service/love-service-impl/target/test-classes/com/hbc/loveserviceimpl/LoveServiceImplApplicationTests.class]]
12:09:10.796 [main] DEBUG org.springframework.core.io.support.PathMatchingResourcePatternResolver - Resolved classpath location [com/hbc/] to resources [URL [file:/Users/cuijunyong/myWorkSpace/project/love-service/love-service-impl/target/test-classes/com/hbc/], URL [file:/Users/cuijunyong/myWorkSpace/project/love-service/love-service-impl/target/classes/com/hbc/], URL [jar:file:/Users/cuijunyong/myWorkSpace/project/love-service/love-client/target/love-client-0.0.1-SNAPSHOT.jar!/com/hbc/]]
12:09:10.796 [main] DEBUG org.springframework.core.io.support.PathMatchingResourcePatternResolver - Looking for matching resources in directory tree [/Users/cuijunyong/myWorkSpace/project/love-service/love-service-impl/target/test-classes/com/hbc]
12:09:10.796 [main] DEBUG org.springframework.core.io.support.PathMatchingResourcePatternResolver - Searching directory [/Users/cuijunyong/myWorkSpace/project/love-service/love-service-impl/target/test-classes/com/hbc] for files matching pattern [/Users/cuijunyong/myWorkSpace/project/love-service/love-service-impl/target/test-classes/com/hbc/*.class]
12:09:10.797 [main] DEBUG org.springframework.core.io.support.PathMatchingResourcePatternResolver - Looking for matching resources in directory tree [/Users/cuijunyong/myWorkSpace/project/love-service/love-service-impl/target/classes/com/hbc]
12:09:10.797 [main] DEBUG org.springframework.core.io.support.PathMatchingResourcePatternResolver - Searching directory [/Users/cuijunyong/myWorkSpace/project/love-service/love-service-impl/target/classes/com/hbc] for files matching pattern [/Users/cuijunyong/myWorkSpace/project/love-service/love-service-impl/target/classes/com/hbc/*.class]
12:09:10.798 [main] DEBUG org.springframework.core.io.support.PathMatchingResourcePatternResolver - Looking for matching resources in jar file [file:/Users/cuijunyong/myWorkSpace/project/love-service/love-client/target/love-client-0.0.1-SNAPSHOT.jar]
12:09:10.798 [main] DEBUG org.springframework.core.io.support.PathMatchingResourcePatternResolver - Resolved location pattern [classpath*:com/hbc/*.class] to resources []
12:09:10.802 [main] DEBUG org.springframework.core.io.support.PathMatchingResourcePatternResolver - Resolved classpath location [com/] to resources [URL [jar:file:/System/Library/Java/Extensions/MRJToolkit.jar!/com/], URL [file:/Users/cuijunyong/myWorkSpace/project/love-service/love-service-impl/target/test-classes/com/], URL [file:/Users/cuijunyong/myWorkSpace/project/love-service/love-service-impl/target/classes/com/], URL [jar:file:/Users/cuijunyong/myWorkSpace/project/love-service/love-client/target/love-client-0.0.1-SNAPSHOT.jar!/com/], URL [jar:file:/Users/cuijunyong/.m2/repository/com/baomidou/dynamic-datasource-spring-boot-starter/2.2.3/dynamic-datasource-spring-boot-starter-2.2.3.jar!/com/], URL [jar:file:/Users/cuijunyong/.m2/repository/com/zaxxer/HikariCP/2.7.8/HikariCP-2.7.8.jar!/com/], URL [jar:file:/Users/cuijunyong/.m2/repository/mysql/mysql-connector-java/5.1.35/mysql-connector-java-5.1.35.jar!/com/], URL [jar:file:/Users/cuijunyong/.m2/repository/com/jayway/jsonpath/json-path/2.4.0/json-path-2.4.0.jar!/com/], URL [jar:file:/Users/cuijunyong/.m2/repository/com/netflix/archaius/archaius-core/0.7.6/archaius-core-0.7.6.jar!/com/], URL [jar:file:/Users/cuijunyong/.m2/repository/com/google/guava/guava/16.0/guava-16.0.jar!/com/], URL [jar:file:/Users/cuijunyong/.m2/repository/com/fasterxml/jackson/core/jackson-annotations/2.9.0/jackson-annotations-2.9.0.jar!/com/], URL [jar:file:/Users/cuijunyong/.m2/repository/com/fasterxml/jackson/core/jackson-core/2.9.5/jackson-core-2.9.5.jar!/com/], URL [jar:file:/Users/cuijunyong/.m2/repository/com/netflix/hystrix/hystrix-core/1.5.12/hystrix-core-1.5.12.jar!/com/], URL [jar:file:/Users/cuijunyong/.m2/repository/com/netflix/ribbon/ribbon/2.2.5/ribbon-2.2.5.jar!/com/], URL [jar:file:/Users/cuijunyong/.m2/repository/com/netflix/ribbon/ribbon-transport/2.2.5/ribbon-transport-2.2.5.jar!/com/], URL [jar:file:/Users/cuijunyong/.m2/repository/io/reactivex/rxnetty-contexts/0.4.9/rxnetty-contexts-0.4.9.jar!/com/], URL [jar:file:/Users/cuijunyong/.m2/repository/com/netflix/ribbon/ribbon-core/2.2.5/ribbon-core-2.2.5.jar!/com/], URL [jar:file:/Users/cuijunyong/.m2/repository/com/netflix/ribbon/ribbon-httpclient/2.2.5/ribbon-httpclient-2.2.5.jar!/com/], URL [jar:file:/Users/cuijunyong/.m2/repository/com/sun/jersey/jersey-client/1.19.1/jersey-client-1.19.1.jar!/com/], URL [jar:file:/Users/cuijunyong/.m2/repository/com/sun/jersey/contribs/jersey-apache-client4/1.19.1/jersey-apache-client4-1.19.1.jar!/com/], URL [jar:file:/Users/cuijunyong/.m2/repository/com/netflix/servo/servo-core/0.12.21/servo-core-0.12.21.jar!/com/], URL [jar:file:/Users/cuijunyong/.m2/repository/com/netflix/netflix-commons/netflix-commons-util/0.3.0/netflix-commons-util-0.3.0.jar!/com/], URL [jar:file:/Users/cuijunyong/.m2/repository/com/netflix/ribbon/ribbon-loadbalancer/2.2.5/ribbon-loadbalancer-2.2.5.jar!/com/], URL [jar:file:/Users/cuijunyong/.m2/repository/com/netflix/netflix-commons/netflix-statistics/0.1.1/netflix-statistics-0.1.1.jar!/com/], URL [jar:file:/Users/cuijunyong/.m2/repository/com/netflix/eureka/eureka-client/1.9.2/eureka-client-1.9.2.jar!/com/], URL [jar:file:/Users/cuijunyong/.m2/repository/com/netflix/netflix-commons/netflix-eventbus/0.3.0/netflix-eventbus-0.3.0.jar!/com/], URL [jar:file:/Users/cuijunyong/.m2/repository/com/netflix/netflix-commons/netflix-infix/0.3.0/netflix-infix-0.3.0.jar!/com/], URL [jar:file:/Users/cuijunyong/.m2/repository/com/google/code/gson/gson/2.8.2/gson-2.8.2.jar!/com/], URL [jar:file:/Users/cuijunyong/.m2/repository/com/sun/jersey/jersey-core/1.19.1/jersey-core-1.19.1.jar!/com/], URL [jar:file:/Users/cuijunyong/.m2/repository/com/google/inject/guice/4.1.0/guice-4.1.0.jar!/com/], URL [jar:file:/Users/cuijunyong/.m2/repository/com/github/andrewoma/dexx/dexx-collections/0.2/dexx-collections-0.2.jar!/com/], URL [jar:file:/Users/cuijunyong/.m2/repository/com/netflix/eureka/eureka-core/1.9.2/eureka-core-1.9.2.jar!/com/], URL [jar:file:/Users/cuijunyong/.m2/repository/org/codehaus/woodstox/woodstox-core-asl/4.4.1/woodstox-core-asl-4.4.1.jar!/com/], URL [jar:file:/Users/cuijunyong/.m2/repository/com/thoughtworks/xstream/xstream/1.4.10/xstream-1.4.10.jar!/com/], URL [jar:file:/Users/cuijunyong/.m2/repository/com/fasterxml/jackson/datatype/jackson-datatype-jdk8/2.9.5/jackson-datatype-jdk8-2.9.5.jar!/com/], URL [jar:file:/Users/cuijunyong/.m2/repository/com/fasterxml/jackson/module/jackson-module-parameter-names/2.9.5/jackson-module-parameter-names-2.9.5.jar!/com/], URL [jar:file:/Users/cuijunyong/.m2/repository/com/fasterxml/classmate/1.3.4/classmate-1.3.4.jar!/com/], URL [jar:file:/Users/cuijunyong/.m2/repository/com/sun/jersey/jersey-servlet/1.19.1/jersey-servlet-1.19.1.jar!/com/], URL [jar:file:/Users/cuijunyong/.m2/repository/com/sun/jersey/jersey-server/1.19.1/jersey-server-1.19.1.jar!/com/], URL [jar:file:/Users/cuijunyong/.m2/repository/com/fasterxml/jackson/dataformat/jackson-dataformat-xml/2.9.5/jackson-dataformat-xml-2.9.5.jar!/com/], URL [jar:file:/Users/cuijunyong/.m2/repository/com/fasterxml/jackson/module/jackson-module-jaxb-annotations/2.9.5/jackson-module-jaxb-annotations-2.9.5.jar!/com/], URL [jar:file:/Users/cuijunyong/.m2/repository/com/fasterxml/woodstox/woodstox-core/5.0.3/woodstox-core-5.0.3.jar!/com/], URL [jar:file:/Users/cuijunyong/.m2/repository/com/netflix/ribbon/ribbon-eureka/2.2.5/ribbon-eureka-2.2.5.jar!/com/], URL [jar:file:/Users/cuijunyong/.m2/repository/com/fasterxml/jackson/core/jackson-databind/2.9.5/jackson-databind-2.9.5.jar!/com/], URL [jar:file:/Users/cuijunyong/.m2/repository/com/fasterxml/jackson/datatype/jackson-datatype-jsr310/2.9.5/jackson-datatype-jsr310-2.9.5.jar!/com/]]
12:09:10.802 [main] DEBUG org.springframework.core.io.support.PathMatchingResourcePatternResolver - Looking for matching resources in jar file [file:/System/Library/Java/Extensions/MRJToolkit.jar]
12:09:10.803 [main] DEBUG org.springframework.core.io.support.PathMatchingResourcePatternResolver - Looking for matching resources in directory tree [/Users/cuijunyong/myWorkSpace/project/love-service/love-service-impl/target/test-classes/com]
12:09:10.803 [main] DEBUG org.springframework.core.io.support.PathMatchingResourcePatternResolver - Searching directory [/Users/cuijunyong/myWorkSpace/project/love-service/love-service-impl/target/test-classes/com] for files matching pattern [/Users/cuijunyong/myWorkSpace/project/love-service/love-service-impl/target/test-classes/com/*.class]
12:09:10.810 [main] DEBUG org.springframework.core.io.support.PathMatchingResourcePatternResolver - Looking for matching resources in directory tree [/Users/cuijunyong/myWorkSpace/project/love-service/love-service-impl/target/classes/com]
12:09:10.810 [main] DEBUG org.springframework.core.io.support.PathMatchingResourcePatternResolver - Searching directory [/Users/cuijunyong/myWorkSpace/project/love-service/love-service-impl/target/classes/com] for files matching pattern [/Users/cuijunyong/myWorkSpace/project/love-service/love-service-impl/target/classes/com/*.class]
12:09:10.811 [main] DEBUG org.springframework.core.io.support.PathMatchingResourcePatternResolver - Looking for matching resources in jar file [file:/Users/cuijunyong/myWorkSpace/project/love-service/love-client/target/love-client-0.0.1-SNAPSHOT.jar]
12:09:10.811 [main] DEBUG org.springframework.core.io.support.PathMatchingResourcePatternResolver - Looking for matching resources in jar file [file:/Users/cuijunyong/.m2/repository/com/baomidou/dynamic-datasource-spring-boot-starter/2.2.3/dynamic-datasource-spring-boot-starter-2.2.3.jar]
12:09:10.815 [main] DEBUG org.springframework.core.io.support.PathMatchingResourcePatternResolver - Looking for matching resources in jar file [file:/Users/cuijunyong/.m2/repository/com/zaxxer/HikariCP/2.7.8/HikariCP-2.7.8.jar]
12:09:10.816 [main] DEBUG org.springframework.core.io.support.PathMatchingResourcePatternResolver - Looking for matching resources in jar file [file:/Users/cuijunyong/.m2/repository/mysql/mysql-connector-java/5.1.35/mysql-connector-java-5.1.35.jar]
12:09:10.823 [main] DEBUG org.springframework.core.io.support.PathMatchingResourcePatternResolver - Looking for matching resources in jar file [file:/Users/cuijunyong/.m2/repository/com/jayway/jsonpath/json-path/2.4.0/json-path-2.4.0.jar]
12:09:10.828 [main] DEBUG org.springframework.core.io.support.PathMatchingResourcePatternResolver - Looking for matching resources in jar file [file:/Users/cuijunyong/.m2/repository/com/netflix/archaius/archaius-core/0.7.6/archaius-core-0.7.6.jar]
12:09:10.830 [main] DEBUG org.springframework.core.io.support.PathMatchingResourcePatternResolver - Looking for matching resources in jar file [file:/Users/cuijunyong/.m2/repository/com/google/guava/guava/16.0/guava-16.0.jar]
12:09:10.844 [main] DEBUG org.springframework.core.io.support.PathMatchingResourcePatternResolver - Looking for matching resources in jar file [file:/Users/cuijunyong/.m2/repository/com/fasterxml/jackson/core/jackson-annotations/2.9.0/jackson-annotations-2.9.0.jar]
12:09:10.846 [main] DEBUG org.springframework.core.io.support.PathMatchingResourcePatternResolver - Looking for matching resources in jar file [file:/Users/cuijunyong/.m2/repository/com/fasterxml/jackson/core/jackson-core/2.9.5/jackson-core-2.9.5.jar]
12:09:10.847 [main] DEBUG org.springframework.core.io.support.PathMatchingResourcePatternResolver - Looking for matching resources in jar file [file:/Users/cuijunyong/.m2/repository/com/netflix/hystrix/hystrix-core/1.5.12/hystrix-core-1.5.12.jar]
12:09:10.851 [main] DEBUG org.springframework.core.io.support.PathMatchingResourcePatternResolver - Looking for matching resources in jar file [file:/Users/cuijunyong/.m2/repository/com/netflix/ribbon/ribbon/2.2.5/ribbon-2.2.5.jar]
12:09:10.853 [main] DEBUG org.springframework.core.io.support.PathMatchingResourcePatternResolver - Looking for matching resources in jar file [file:/Users/cuijunyong/.m2/repository/com/netflix/ribbon/ribbon-transport/2.2.5/ribbon-transport-2.2.5.jar]
12:09:10.853 [main] DEBUG org.springframework.core.io.support.PathMatchingResourcePatternResolver - Looking for matching resources in jar file [file:/Users/cuijunyong/.m2/repository/io/reactivex/rxnetty-contexts/0.4.9/rxnetty-contexts-0.4.9.jar]
12:09:10.854 [main] DEBUG org.springframework.core.io.support.PathMatchingResourcePatternResolver - Looking for matching resources in jar file [file:/Users/cuijunyong/.m2/repository/com/netflix/ribbon/ribbon-core/2.2.5/ribbon-core-2.2.5.jar]
12:09:10.854 [main] DEBUG org.springframework.core.io.support.PathMatchingResourcePatternResolver - Looking for matching resources in jar file [file:/Users/cuijunyong/.m2/repository/com/netflix/ribbon/ribbon-httpclient/2.2.5/ribbon-httpclient-2.2.5.jar]
12:09:10.855 [main] DEBUG org.springframework.core.io.support.PathMatchingResourcePatternResolver - Looking for matching resources in jar file [file:/Users/cuijunyong/.m2/repository/com/sun/jersey/jersey-client/1.19.1/jersey-client-1.19.1.jar]
12:09:10.856 [main] DEBUG org.springframework.core.io.support.PathMatchingResourcePatternResolver - Looking for matching resources in jar file [file:/Users/cuijunyong/.m2/repository/com/sun/jersey/contribs/jersey-apache-client4/1.19.1/jersey-apache-client4-1.19.1.jar]
12:09:10.856 [main] DEBUG org.springframework.core.io.support.PathMatchingResourcePatternResolver - Looking for matching resources in jar file [file:/Users/cuijunyong/.m2/repository/com/netflix/servo/servo-core/0.12.21/servo-core-0.12.21.jar]
12:09:10.857 [main] DEBUG org.springframework.core.io.support.PathMatchingResourcePatternResolver - Looking for matching resources in jar file [file:/Users/cuijunyong/.m2/repository/com/netflix/netflix-commons/netflix-commons-util/0.3.0/netflix-commons-util-0.3.0.jar]
12:09:10.857 [main] DEBUG org.springframework.core.io.support.PathMatchingResourcePatternResolver - Looking for matching resources in jar file [file:/Users/cuijunyong/.m2/repository/com/netflix/ribbon/ribbon-loadbalancer/2.2.5/ribbon-loadbalancer-2.2.5.jar]
12:09:10.858 [main] DEBUG org.springframework.core.io.support.PathMatchingResourcePatternResolver - Looking for matching resources in jar file [file:/Users/cuijunyong/.m2/repository/com/netflix/netflix-commons/netflix-statistics/0.1.1/netflix-statistics-0.1.1.jar]
12:09:10.858 [main] DEBUG org.springframework.core.io.support.PathMatchingResourcePatternResolver - Looking for matching resources in jar file [file:/Users/cuijunyong/.m2/repository/com/netflix/eureka/eureka-client/1.9.2/eureka-client-1.9.2.jar]
12:09:10.860 [main] DEBUG org.springframework.core.io.support.PathMatchingResourcePatternResolver - Looking for matching resources in jar file [file:/Users/cuijunyong/.m2/repository/com/netflix/netflix-commons/netflix-eventbus/0.3.0/netflix-eventbus-0.3.0.jar]
12:09:10.861 [main] DEBUG org.springframework.core.io.support.PathMatchingResourcePatternResolver - Looking for matching resources in jar file [file:/Users/cuijunyong/.m2/repository/com/netflix/netflix-commons/netflix-infix/0.3.0/netflix-infix-0.3.0.jar]
12:09:10.864 [main] DEBUG org.springframework.core.io.support.PathMatchingResourcePatternResolver - Looking for matching resources in jar file [file:/Users/cuijunyong/.m2/repository/com/google/code/gson/gson/2.8.2/gson-2.8.2.jar]
12:09:10.865 [main] DEBUG org.springframework.core.io.support.PathMatchingResourcePatternResolver - Looking for matching resources in jar file [file:/Users/cuijunyong/.m2/repository/com/sun/jersey/jersey-core/1.19.1/jersey-core-1.19.1.jar]
12:09:10.877 [main] DEBUG org.springframework.core.io.support.PathMatchingResourcePatternResolver - Looking for matching resources in jar file [file:/Users/cuijunyong/.m2/repository/com/google/inject/guice/4.1.0/guice-4.1.0.jar]
12:09:10.879 [main] DEBUG org.springframework.core.io.support.PathMatchingResourcePatternResolver - Looking for matching resources in jar file [file:/Users/cuijunyong/.m2/repository/com/github/andrewoma/dexx/dexx-collections/0.2/dexx-collections-0.2.jar]
12:09:10.880 [main] DEBUG org.springframework.core.io.support.PathMatchingResourcePatternResolver - Looking for matching resources in jar file [file:/Users/cuijunyong/.m2/repository/com/netflix/eureka/eureka-core/1.9.2/eureka-core-1.9.2.jar]
12:09:10.881 [main] DEBUG org.springframework.core.io.support.PathMatchingResourcePatternResolver - Looking for matching resources in jar file [file:/Users/cuijunyong/.m2/repository/org/codehaus/woodstox/woodstox-core-asl/4.4.1/woodstox-core-asl-4.4.1.jar]
12:09:10.881 [main] DEBUG org.springframework.core.io.support.PathMatchingResourcePatternResolver - Looking for matching resources in jar file [file:/Users/cuijunyong/.m2/repository/com/thoughtworks/xstream/xstream/1.4.10/xstream-1.4.10.jar]
12:09:10.884 [main] DEBUG org.springframework.core.io.support.PathMatchingResourcePatternResolver - Looking for matching resources in jar file [file:/Users/cuijunyong/.m2/repository/com/fasterxml/jackson/datatype/jackson-datatype-jdk8/2.9.5/jackson-datatype-jdk8-2.9.5.jar]
12:09:10.884 [main] DEBUG org.springframework.core.io.support.PathMatchingResourcePatternResolver - Looking for matching resources in jar file [file:/Users/cuijunyong/.m2/repository/com/fasterxml/jackson/module/jackson-module-parameter-names/2.9.5/jackson-module-parameter-names-2.9.5.jar]
12:09:10.884 [main] DEBUG org.springframework.core.io.support.PathMatchingResourcePatternResolver - Looking for matching resources in jar file [file:/Users/cuijunyong/.m2/repository/com/fasterxml/classmate/1.3.4/classmate-1.3.4.jar]
12:09:10.885 [main] DEBUG org.springframework.core.io.support.PathMatchingResourcePatternResolver - Looking for matching resources in jar file [file:/Users/cuijunyong/.m2/repository/com/sun/jersey/jersey-servlet/1.19.1/jersey-servlet-1.19.1.jar]
12:09:10.885 [main] DEBUG org.springframework.core.io.support.PathMatchingResourcePatternResolver - Looking for matching resources in jar file [file:/Users/cuijunyong/.m2/repository/com/sun/jersey/jersey-server/1.19.1/jersey-server-1.19.1.jar]
12:09:10.887 [main] DEBUG org.springframework.core.io.support.PathMatchingResourcePatternResolver - Looking for matching resources in jar file [file:/Users/cuijunyong/.m2/repository/com/fasterxml/jackson/dataformat/jackson-dataformat-xml/2.9.5/jackson-dataformat-xml-2.9.5.jar]
12:09:10.888 [main] DEBUG org.springframework.core.io.support.PathMatchingResourcePatternResolver - Looking for matching resources in jar file [file:/Users/cuijunyong/.m2/repository/com/fasterxml/jackson/module/jackson-module-jaxb-annotations/2.9.5/jackson-module-jaxb-annotations-2.9.5.jar]
12:09:10.889 [main] DEBUG org.springframework.core.io.support.PathMatchingResourcePatternResolver - Looking for matching resources in jar file [file:/Users/cuijunyong/.m2/repository/com/fasterxml/woodstox/woodstox-core/5.0.3/woodstox-core-5.0.3.jar]
12:09:10.890 [main] DEBUG org.springframework.core.io.support.PathMatchingResourcePatternResolver - Looking for matching resources in jar file [file:/Users/cuijunyong/.m2/repository/com/netflix/ribbon/ribbon-eureka/2.2.5/ribbon-eureka-2.2.5.jar]
12:09:10.891 [main] DEBUG org.springframework.core.io.support.PathMatchingResourcePatternResolver - Looking for matching resources in jar file [file:/Users/cuijunyong/.m2/repository/com/fasterxml/jackson/core/jackson-databind/2.9.5/jackson-databind-2.9.5.jar]
12:09:10.895 [main] DEBUG org.springframework.core.io.support.PathMatchingResourcePatternResolver - Looking for matching resources in jar file [file:/Users/cuijunyong/.m2/repository/com/fasterxml/jackson/datatype/jackson-datatype-jsr310/2.9.5/jackson-datatype-jsr310-2.9.5.jar]
12:09:10.895 [main] DEBUG org.springframework.core.io.support.PathMatchingResourcePatternResolver - Resolved location pattern [classpath*:com/*.class] to resources []
]]></system-out>
  </testcase>
</testsuite>